Flow report for Problem3
Sun Apr 04 15:29:13 2021
Quartus Prime Version 19.1.0 Build 670 09/22/2019 SJ Lite Edition


---------------------
; Table of Contents ;
---------------------
  1. Legal Notice
  2. Flow Summary
  3. Flow Settings
  4. Flow Non-Default Global Settings
  5. Flow Elapsed Time
  6. Flow OS Summary
  7. Flow Log
  8. Flow Messages
  9. Flow Suppressed Messages



----------------
; Legal Notice ;
----------------
Copyright (C) 2019  Intel Corporation. All rights reserved.
Your use of Intel Corporation's design tools, logic functions 
and other software and tools, and any partner logic 
functions, and any output files from any of the foregoing 
(including device programming or simulation files), and any 
associated documentation or information are expressly subject 
to the terms and conditions of the Intel Program License 
Subscription Agreement, the Intel Quartus Prime License Agreement,
the Intel FPGA IP License Agreement, or other applicable license
agreement, including, without limitation, that your use is for
the sole purpose of programming logic devices manufactured by
Intel and sold by Intel or its authorized distributors.  Please
refer to the applicable agreement for further details, at
https://fpgasoftware.intel.com/eula.



+------------------------------------------------------------------------------+
; Flow Summary                                                                 ;
+-----------------------+------------------------------------------------------+
; Flow Status           ; EDA Netlist Writer Failed - Sun Apr 04 15:29:13 2021 ;
; Quartus Prime Version ; 19.1.0 Build 670 09/22/2019 SJ Lite Edition          ;
; Revision Name         ; Problem3                                             ;
; Top-level Entity Name ; Problem3                                             ;
; Family                ; MAX V                                                ;
; Total logic elements  ; 1 / 40 ( 3 % )                                       ;
; Total pins            ; 5 / 30 ( 17 % )                                      ;
; Total virtual pins    ; 0                                                    ;
; UFM blocks            ; 0 / 1 ( 0 % )                                        ;
; Device                ; 5M40ZM64C4                                           ;
; Timing Models         ; Final                                                ;
+-----------------------+------------------------------------------------------+


+-----------------------------------------+
; Flow Settings                           ;
+-------------------+---------------------+
; Option            ; Setting             ;
+-------------------+---------------------+
; Start date & time ; 04/04/2021 15:16:18 ;
; Main task         ; Compilation         ;
; Revision Name     ; Problem3            ;
+-------------------+---------------------+


+------------------------------------------------------------------------------------------------------------------------------------+
; Flow Non-Default Global Settings                                                                                                   ;
+---------------------------------+--------------------------------+---------------+-------------+-----------------------------------+
; Assignment Name                 ; Value                          ; Default Value ; Entity Name ; Section Id                        ;
+---------------------------------+--------------------------------+---------------+-------------+-----------------------------------+
; COMPILER_SIGNATURE_ID           ; 49410871235358.161753857804156 ; --            ; --          ; --                                ;
; EDA_GENERATE_FUNCTIONAL_NETLIST ; Off                            ; --            ; --          ; eda_board_design_timing           ;
; EDA_GENERATE_FUNCTIONAL_NETLIST ; Off                            ; --            ; --          ; eda_board_design_boundary_scan    ;
; EDA_GENERATE_FUNCTIONAL_NETLIST ; Off                            ; --            ; --          ; eda_board_design_signal_integrity ;
; EDA_GENERATE_FUNCTIONAL_NETLIST ; Off                            ; --            ; --          ; eda_board_design_symbol           ;
; EDA_OUTPUT_DATA_FORMAT          ; Vhdl                           ; --            ; --          ; eda_simulation                    ;
; EDA_SIMULATION_TOOL             ; ModelSim-Altera (VHDL)         ; <None>        ; --          ; --                                ;
; EDA_TIME_SCALE                  ; 1 ps                           ; --            ; --          ; eda_simulation                    ;
; PROJECT_OUTPUT_DIRECTORY        ; output_files                   ; --            ; --          ; --                                ;
+---------------------------------+--------------------------------+---------------+-------------+-----------------------------------+


+--------------------------------------------------------------------------------------------------------------------------+
; Flow Elapsed Time                                                                                                        ;
+----------------------+--------------+-------------------------+---------------------+------------------------------------+
; Module Name          ; Elapsed Time ; Average Processors Used ; Peak Virtual Memory ; Total CPU Time (on all processors) ;
+----------------------+--------------+-------------------------+---------------------+------------------------------------+
; Analysis & Synthesis ; 00:00:10     ; 1.0                     ; 4759 MB             ; 00:00:13                           ;
; Fitter               ; 00:00:09     ; 1.0                     ; 5880 MB             ; 00:00:01                           ;
; Assembler            ; 00:00:02     ; 1.0                     ; 4659 MB             ; 00:00:00                           ;
; Timing Analyzer      ; 00:00:01     ; 1.0                     ; 4675 MB             ; 00:00:01                           ;
; EDA Netlist Writer   ; 00:00:00     ; 1.0                     ; 4619 MB             ; 00:00:00                           ;
; EDA Netlist Writer   ; 00:00:00     ; 1.0                     ; 4608 MB             ; 00:00:00                           ;
; EDA Netlist Writer   ; 00:00:00     ; 1.0                     ; 4608 MB             ; 00:00:00                           ;
; EDA Netlist Writer   ; 00:00:01     ; 1.0                     ; 4608 MB             ; 00:00:00                           ;
; EDA Netlist Writer   ; 00:00:00     ; 1.0                     ; 4608 MB             ; 00:00:00                           ;
; Total                ; 00:00:23     ; --                      ; --                  ; 00:00:15                           ;
+----------------------+--------------+-------------------------+---------------------+------------------------------------+


+------------------------------------------------------------------------------------+
; Flow OS Summary                                                                    ;
+----------------------+------------------+------------+------------+----------------+
; Module Name          ; Machine Hostname ; OS Name    ; OS Version ; Processor type ;
+----------------------+------------------+------------+------------+----------------+
; Analysis & Synthesis ; DionPC           ; Windows 10 ; 10.0       ; x86_64         ;
; Fitter               ; DionPC           ; Windows 10 ; 10.0       ; x86_64         ;
; Assembler            ; DionPC           ; Windows 10 ; 10.0       ; x86_64         ;
; Timing Analyzer      ; DionPC           ; Windows 10 ; 10.0       ; x86_64         ;
; EDA Netlist Writer   ; DionPC           ; Windows 10 ; 10.0       ; x86_64         ;
; EDA Netlist Writer   ; DionPC           ; Windows 10 ; 10.0       ; x86_64         ;
; EDA Netlist Writer   ; DionPC           ; Windows 10 ; 10.0       ; x86_64         ;
; EDA Netlist Writer   ; DionPC           ; Windows 10 ; 10.0       ; x86_64         ;
; EDA Netlist Writer   ; DionPC           ; Windows 10 ; 10.0       ; x86_64         ;
+----------------------+------------------+------------+------------+----------------+


------------
; Flow Log ;
------------
quartus_map --read_settings_files=on --write_settings_files=off Problem3 -c Problem3
quartus_fit --read_settings_files=off --write_settings_files=off Problem3 -c Problem3
quartus_asm --read_settings_files=off --write_settings_files=off Problem3 -c Problem3
quartus_sta Problem3 -c Problem3
quartus_eda --read_settings_files=off --write_settings_files=off Problem3 -c Problem3
quartus_eda --gen_testbench --tool=modelsim_oem --format=vhdl --write_settings_files=off Problem3 -c Problem3 --vector_source=C:/Quartus/Problem3/Waveform.vwf --testbench_file=C:/Quartus/Problem3/simulation/qsim/Waveform.vwf.vht
quartus_eda --gen_testbench --tool=modelsim_oem --format=vhdl --write_settings_files=off Problem3 -c Problem3 --vector_source=C:/Quartus/Problem3/Waveform.vwf --testbench_file=C:/Quartus/Problem3/simulation/qsim/Waveform.vwf.vht
quartus_eda --gen_testbench --tool=modelsim_oem --format=vhdl --write_settings_files=off Problem3 -c Problem3 --vector_source=C:/Quartus/Problem3/Waveform.vwf --testbench_file=C:/Quartus/Problem3/simulation/qsim/Waveform.vwf.vht
quartus_eda --gen_testbench --tool=modelsim_oem --format=vhdl --write_settings_files=off Problem3 -c Problem3 --vector_source=C:/Quartus/Problem3/Waveform.vwf --testbench_file=C:/Quartus/Problem3/simulation/qsim/Waveform.vwf.vht



