Flow report for Project
Tue May 25 22:00:09 2021
Quartus Prime Version 19.1.0 Build 670 09/22/2019 SJ Lite Edition


---------------------
; Table of Contents ;
---------------------
  1. Legal Notice
  2. Flow Summary
  3. Flow Settings
  4. Flow Non-Default Global Settings
  5. Flow Elapsed Time
  6. Flow OS Summary
  7. Flow Log
  8. Flow Messages
  9. Flow Suppressed Messages



----------------
; Legal Notice ;
----------------
Copyright (C) 2019  Intel Corporation. All rights reserved.
Your use of Intel Corporation's design tools, logic functions 
and other software and tools, and any partner logic 
functions, and any output files from any of the foregoing 
(including device programming or simulation files), and any 
associated documentation or information are expressly subject 
to the terms and conditions of the Intel Program License 
Subscription Agreement, the Intel Quartus Prime License Agreement,
the Intel FPGA IP License Agreement, or other applicable license
agreement, including, without limitation, that your use is for
the sole purpose of programming logic devices manufactured by
Intel and sold by Intel or its authorized distributors.  Please
refer to the applicable agreement for further details, at
https://fpgasoftware.intel.com/eula.



+---------------------------------------------------------------------+
; Flow Summary                                                        ;
+-----------------------+---------------------------------------------+
; Flow Status           ; Successful - Tue May 25 22:00:09 2021       ;
; Quartus Prime Version ; 19.1.0 Build 670 09/22/2019 SJ Lite Edition ;
; Revision Name         ; Project                                     ;
; Top-level Entity Name ; ALU16                                       ;
; Family                ; MAX V                                       ;
; Total logic elements  ; 92 / 160 ( 57 % )                           ;
; Total pins            ; 53 / 79 ( 67 % )                            ;
; Total virtual pins    ; 0                                           ;
; UFM blocks            ; 0 / 1 ( 0 % )                               ;
; Device                ; 5M160ZT100C4                                ;
; Timing Models         ; Final                                       ;
+-----------------------+---------------------------------------------+


+-----------------------------------------+
; Flow Settings                           ;
+-------------------+---------------------+
; Option            ; Setting             ;
+-------------------+---------------------+
; Start date & time ; 05/25/2021 21:50:15 ;
; Main task         ; Compilation         ;
; Revision Name     ; Project             ;
+-------------------+---------------------+


+-----------------------------------------------------------------------------------------------------------------------------------+
; Flow Non-Default Global Settings                                                                                                  ;
+---------------------------------+-------------------------------+---------------+-------------+-----------------------------------+
; Assignment Name                 ; Value                         ; Default Value ; Entity Name ; Section Id                        ;
+---------------------------------+-------------------------------+---------------+-------------+-----------------------------------+
; COMPILER_SIGNATURE_ID           ; 1097106554836.162196861516752 ; --            ; --          ; --                                ;
; EDA_GENERATE_FUNCTIONAL_NETLIST ; Off                           ; --            ; --          ; eda_board_design_timing           ;
; EDA_GENERATE_FUNCTIONAL_NETLIST ; Off                           ; --            ; --          ; eda_board_design_boundary_scan    ;
; EDA_GENERATE_FUNCTIONAL_NETLIST ; Off                           ; --            ; --          ; eda_board_design_signal_integrity ;
; EDA_GENERATE_FUNCTIONAL_NETLIST ; Off                           ; --            ; --          ; eda_board_design_symbol           ;
; EDA_OUTPUT_DATA_FORMAT          ; Vhdl                          ; --            ; --          ; eda_simulation                    ;
; EDA_SIMULATION_TOOL             ; ModelSim-Altera (VHDL)        ; <None>        ; --          ; --                                ;
; EDA_TIME_SCALE                  ; 1 ps                          ; --            ; --          ; eda_simulation                    ;
; PROJECT_OUTPUT_DIRECTORY        ; output_files                  ; --            ; --          ; --                                ;
; TOP_LEVEL_ENTITY                ; alu16                         ; Project       ; --          ; --                                ;
+---------------------------------+-------------------------------+---------------+-------------+-----------------------------------+


+--------------------------------------------------------------------------------------------------------------------------+
; Flow Elapsed Time                                                                                                        ;
+----------------------+--------------+-------------------------+---------------------+------------------------------------+
; Module Name          ; Elapsed Time ; Average Processors Used ; Peak Virtual Memory ; Total CPU Time (on all processors) ;
+----------------------+--------------+-------------------------+---------------------+------------------------------------+
; Analysis & Synthesis ; 00:00:06     ; 1.0                     ; 4762 MB             ; 00:00:15                           ;
; Fitter               ; 00:00:01     ; 1.0                     ; 6150 MB             ; 00:00:01                           ;
; Assembler            ; 00:00:00     ; 1.0                     ; 4665 MB             ; 00:00:00                           ;
; Timing Analyzer      ; 00:00:01     ; 1.0                     ; 4677 MB             ; 00:00:01                           ;
; EDA Netlist Writer   ; 00:00:01     ; 1.0                     ; 4621 MB             ; 00:00:00                           ;
; EDA Netlist Writer   ; 00:00:00     ; 1.0                     ; 4611 MB             ; 00:00:00                           ;
; EDA Netlist Writer   ; 00:00:01     ; 1.0                     ; 4622 MB             ; 00:00:00                           ;
; EDA Netlist Writer   ; 00:00:00     ; 1.0                     ; 4611 MB             ; 00:00:00                           ;
; EDA Netlist Writer   ; 00:00:00     ; 1.0                     ; 4622 MB             ; 00:00:00                           ;
; EDA Netlist Writer   ; 00:00:00     ; 1.0                     ; 4611 MB             ; 00:00:00                           ;
; EDA Netlist Writer   ; 00:00:01     ; 1.0                     ; 4622 MB             ; 00:00:00                           ;
; Total                ; 00:00:11     ; --                      ; --                  ; 00:00:17                           ;
+----------------------+--------------+-------------------------+---------------------+------------------------------------+


+------------------------------------------------------------------------------------+
; Flow OS Summary                                                                    ;
+----------------------+------------------+------------+------------+----------------+
; Module Name          ; Machine Hostname ; OS Name    ; OS Version ; Processor type ;
+----------------------+------------------+------------+------------+----------------+
; Analysis & Synthesis ; AnastasisPC      ; Windows 10 ; 10.0       ; x86_64         ;
; Fitter               ; AnastasisPC      ; Windows 10 ; 10.0       ; x86_64         ;
; Assembler            ; AnastasisPC      ; Windows 10 ; 10.0       ; x86_64         ;
; Timing Analyzer      ; AnastasisPC      ; Windows 10 ; 10.0       ; x86_64         ;
; EDA Netlist Writer   ; AnastasisPC      ; Windows 10 ; 10.0       ; x86_64         ;
; EDA Netlist Writer   ; AnastasisPC      ; Windows 10 ; 10.0       ; x86_64         ;
; EDA Netlist Writer   ; AnastasisPC      ; Windows 10 ; 10.0       ; x86_64         ;
; EDA Netlist Writer   ; AnastasisPC      ; Windows 10 ; 10.0       ; x86_64         ;
; EDA Netlist Writer   ; AnastasisPC      ; Windows 10 ; 10.0       ; x86_64         ;
; EDA Netlist Writer   ; AnastasisPC      ; Windows 10 ; 10.0       ; x86_64         ;
; EDA Netlist Writer   ; AnastasisPC      ; Windows 10 ; 10.0       ; x86_64         ;
+----------------------+------------------+------------+------------+----------------+


------------
; Flow Log ;
------------
quartus_map --read_settings_files=on --write_settings_files=off Project -c Project
quartus_fit --read_settings_files=off --write_settings_files=off Project -c Project
quartus_asm --read_settings_files=off --write_settings_files=off Project -c Project
quartus_sta Project -c Project
quartus_eda --read_settings_files=off --write_settings_files=off Project -c Project
quartus_eda --gen_testbench --tool=modelsim_oem --format=vhdl --write_settings_files=off Project -c Project --vector_source=C:/Users/Anastasis/OneDrive/Desktop/ALU_Project/Waveform.vwf --testbench_file=C:/Users/Anastasis/OneDrive/Desktop/ALU_Project/simulation/qsim/Waveform.vwf.vht
quartus_eda --write_settings_files=off --simulation=on --functional=on --flatten_buses=off --tool=modelsim_oem --format=vhdl --output_directory=C:/Users/Anastasis/OneDrive/Desktop/ALU_Project/simulation/qsim/ Project -c Project
quartus_eda --gen_testbench --tool=modelsim_oem --format=vhdl --write_settings_files=off Project -c Project --vector_source=C:/Users/Anastasis/OneDrive/Desktop/ALU_Project/Waveform1.vwf --testbench_file=C:/Users/Anastasis/OneDrive/Desktop/ALU_Project/simulation/qsim/Waveform1.vwf.vht
quartus_eda --write_settings_files=off --simulation=on --functional=on --flatten_buses=off --tool=modelsim_oem --format=vhdl --output_directory=C:/Users/Anastasis/OneDrive/Desktop/ALU_Project/simulation/qsim/ Project -c Project
quartus_eda --gen_testbench --tool=modelsim_oem --format=vhdl --write_settings_files=off Project -c Project --vector_source=C:/Users/Anastasis/OneDrive/Desktop/ALU_Project/Waveform2.vwf --testbench_file=C:/Users/Anastasis/OneDrive/Desktop/ALU_Project/simulation/qsim/Waveform2.vwf.vht
quartus_eda --write_settings_files=off --simulation=on --functional=on --flatten_buses=off --tool=modelsim_oem --format=vhdl --output_directory=C:/Users/Anastasis/OneDrive/Desktop/ALU_Project/simulation/qsim/ Project -c Project



